<?xml version="1.0" encoding="UTF-8"?>
<testsuite name="com.eci.cosw.springbootsecureapi.SpringBootSecureApiApplicationTests" tests="1" skipped="0" failures="0" errors="0" timestamp="2018-09-09T23:38:38" hostname="Juancho" time="3.207">
  <properties/>
  <testcase name="contextLoads" classname="com.eci.cosw.springbootsecureapi.SpringBootSecureApiApplicationTests" time="3.207"/>
  <system-out><![CDATA[18:38:34.672 [Test worker] DEBUG org.springframework.test.context.junit4.SpringJUnit4ClassRunner - SpringJUnit4ClassRunner constructor called with [class com.eci.cosw.springbootsecureapi.SpringBootSecureApiApplicationTests]
18:38:34.719 [Test worker] DEBUG org.springframework.test.context.BootstrapUtils - Instantiating CacheAwareContextLoaderDelegate from class [org.springframework.test.context.cache.DefaultCacheAwareContextLoaderDelegate]
18:38:34.734 [Test worker] DEBUG org.springframework.test.context.BootstrapUtils - Instantiating BootstrapContext using constructor [public org.springframework.test.context.support.DefaultBootstrapContext(java.lang.Class,org.springframework.test.context.CacheAwareContextLoaderDelegate)]
18:38:34.766 [Test worker] DEBUG org.springframework.test.context.BootstrapUtils - Instantiating TestContextBootstrapper for test class [com.eci.cosw.springbootsecureapi.SpringBootSecureApiApplicationTests] from class [org.springframework.boot.test.context.SpringBootTestContextBootstrapper]
18:38:34.797 [Test worker] INFO org.springframework.boot.test.context.SpringBootTestContextBootstrapper - Neither @ContextConfiguration nor @ContextHierarchy found for test class [com.eci.cosw.springbootsecureapi.SpringBootSecureApiApplicationTests], using SpringBootContextLoader
18:38:34.797 [Test worker] DEBUG org.springframework.test.context.support.AbstractContextLoader - Did not detect default resource location for test class [com.eci.cosw.springbootsecureapi.SpringBootSecureApiApplicationTests]: class path resource [com/eci/cosw/springbootsecureapi/SpringBootSecureApiApplicationTests-context.xml] does not exist
18:38:34.797 [Test worker] DEBUG org.springframework.test.context.support.AbstractContextLoader - Did not detect default resource location for test class [com.eci.cosw.springbootsecureapi.SpringBootSecureApiApplicationTests]: class path resource [com/eci/cosw/springbootsecureapi/SpringBootSecureApiApplicationTestsContext.groovy] does not exist
18:38:34.797 [Test worker] INFO org.springframework.test.context.support.AbstractContextLoader - Could not detect default resource locations for test class [com.eci.cosw.springbootsecureapi.SpringBootSecureApiApplicationTests]: no resource found for suffixes {-context.xml, Context.groovy}.
18:38:34.797 [Test worker] INFO org.springframework.test.context.support.AnnotationConfigContextLoaderUtils - Could not detect default configuration classes for test class [com.eci.cosw.springbootsecureapi.SpringBootSecureApiApplicationTests]: SpringBootSecureApiApplicationTests does not declare any static, non-private, non-final, nested classes annotated with @Configuration.
18:38:34.925 [Test worker] DEBUG org.springframework.test.context.support.ActiveProfilesUtils - Could not find an 'annotation declaring class' for annotation type [org.springframework.test.context.ActiveProfiles] and class [com.eci.cosw.springbootsecureapi.SpringBootSecureApiApplicationTests]
18:38:34.948 [Test worker] DEBUG org.springframework.core.env.StandardEnvironment - Adding PropertySource 'systemProperties' with lowest search precedence
18:38:34.949 [Test worker] DEBUG org.springframework.core.env.StandardEnvironment - Adding PropertySource 'systemEnvironment' with lowest search precedence
18:38:34.949 [Test worker] DEBUG org.springframework.core.env.StandardEnvironment - Initialized StandardEnvironment with PropertySources [MapPropertySource@373165498 {name='systemProperties', properties={java.runtime.name=Java(TM) SE Runtime Environment, sun.boot.library.path=C:\Program Files\Java\jdk1.8.0_144\jre\bin, java.vm.version=25.144-b01, java.vm.vendor=Oracle Corporation, java.vendor.url=http://java.oracle.com/, path.separator=;, java.vm.name=Java HotSpot(TM) 64-Bit Server VM, file.encoding.pkg=sun.io, user.script=, sun.java.launcher=SUN_STANDARD, user.country=CO, sun.os.patch.level=, java.vm.specification.name=Java Virtual Machine Specification, user.dir=C:\Users\Juan David\Documents\GitHub\spring-boot-secure-api-react, java.runtime.version=1.8.0_144-b01, java.awt.graphicsenv=sun.awt.Win32GraphicsEnvironment, java.endorsed.dirs=C:\Program Files\Java\jdk1.8.0_144\jre\lib\endorsed, os.arch=amd64, java.io.tmpdir=C:\Users\JUANDA~1\AppData\Local\Temp\, line.separator=
, java.vm.specification.vendor=Oracle Corporation, user.variant=, os.name=Windows 10, sun.jnu.encoding=Cp1252, java.library.path=C:\Program Files\Java\jdk1.8.0_144\bin;C:\WINDOWS\Sun\Java\bin;C:\WINDOWS\system32;C:\WINDOWS;C:\Python27\;C:\Python27\Scripts;C:\ProgramData\Oracle\Java\javapath;C:\WINDOWS\system32;C:\WINDOWS;C:\WINDOWS\System32\Wbem;C:\WINDOWS\System32\WindowsPowerShell\v1.0\;C:\Program Files\Git\cmd;C:\Program Files\PuTTY\;C:\Program Files (x86)\GtkSharp\2.12\bin;C:\WINDOWS\System32\OpenSSH\;C:\Program Files\nodejs\;C:\Users\Juan David\Documents\GitHub\cocos2d-x\templates;C:\Users\Juan David\Documents\GitHub\cocos2d-x\tools\cocos2d-console\bin;C:\Users\Juan David\AppData\Local\Programs\Python\Python36\Scripts\;C:\Users\Juan David\AppData\Local\Programs\Python\Python36\;C:\Users\Juan David\AppData\Local\Microsoft\WindowsApps;C:\MinGW\bin;C:\Users\Juan David\Documents\apache-maven-3.5.0\bin;C:\Program Files\Heroku\bin;;C:\Users\Juan David\AppData\Local\Programs\Microsoft VS Code\bin;C:\Users\Juan David\AppData\Roaming\npm;., java.specification.name=Java Platform API Specification, java.class.version=52.0, org.gradle.native=false, sun.management.compiler=HotSpot 64-Bit Tiered Compilers, os.version=10.0, user.home=C:\Users\Juan David, user.timezone=America/Bogota, java.awt.printerjob=sun.awt.windows.WPrinterJob, file.encoding=windows-1252, java.specification.version=1.8, java.class.path=C:\Users\Juan David\Documents\GitHub\spring-boot-secure-api-react\build\classes\java\test;C:\Users\Juan David\Documents\GitHub\spring-boot-secure-api-react\build\resources\test;C:\Users\Juan David\Documents\GitHub\spring-boot-secure-api-react\build\classes\java\main;C:\Users\Juan David\Documents\GitHub\spring-boot-secure-api-react\build\resources\main;C:\Users\Juan David\.gradle\caches\modules-2\files-2.1\org.springframework.boot\spring-boot-starter-web\2.0.0.BUILD-SNAPSHOT\336fc9b2d5e1e1ff91fda31f6ae9783ff7e993c2\spring-boot-starter-web-2.0.0.BUILD-SNAPSHOT.jar;C:\Users\Juan David\.gradle\caches\modules-2\files-2.1\io.jsonwebtoken\jjwt\0.6.0\3c8a7897b9ca31c83d3dd364be7f75ce5cd417d7\jjwt-0.6.0.jar;C:\Users\Juan David\.gradle\caches\modules-2\files-2.1\org.springframework.boot\spring-boot-starter-test\2.0.0.BUILD-SNAPSHOT\bb98b62bbe6306a59f57ad2fd6ab29219ff60803\spring-boot-starter-test-2.0.0.BUILD-SNAPSHOT.jar;C:\Users\Juan David\.gradle\caches\modules-2\files-2.1\org.springframework.boot\spring-boot-starter-json\2.0.0.BUILD-SNAPSHOT\5d6e4b1c929bed27c30e2583dcc4b4c75f80e285\spring-boot-starter-json-2.0.0.BUILD-SNAPSHOT.jar;C:\Users\Juan David\.gradle\caches\modules-2\files-2.1\org.springframework.boot\spring-boot-starter\2.0.0.BUILD-SNAPSHOT\6ebe785dfd37c7213bf23d8223d50258e75051e2\spring-boot-starter-2.0.0.BUILD-SNAPSHOT.jar;C:\Users\Juan David\.gradle\caches\modules-2\files-2.1\org.springframework.boot\spring-boot-starter-tomcat\2.0.0.BUILD-SNAPSHOT\72902c5544e3332ea31de2b9a430a0b48694e758\spring-boot-starter-tomcat-2.0.0.BUILD-SNAPSHOT.jar;C:\Users\Juan David\.gradle\caches\modules-2\files-2.1\org.hibernate.validator\hibernate-validator\6.0.7.Final\8b9d9c7ec8c73963ea0fe81912fc67711a4ef76\hibernate-validator-6.0.7.Final.jar;C:\Users\Juan David\.gradle\caches\modules-2\files-2.1\org.springframework\spring-webmvc\5.0.4.RELEASE\addcf1caa22613c474bd6dde8c7134fef940b1f0\spring-webmvc-5.0.4.RELEASE.jar;C:\Users\Juan David\.gradle\caches\modules-2\files-2.1\org.springframework\spring-web\5.0.4.RELEASE\9565bbc67bf1a850a6505deaa5103931712a7b80\spring-web-5.0.4.RELEASE.jar;C:\Users\Juan David\.gradle\caches\modules-2\files-2.1\com.fasterxml.jackson.datatype\jackson-datatype-jdk8\2.9.4\63ac052d52a70a15820d3dc07ea757826fd51d40\jackson-datatype-jdk8-2.9.4.jar;C:\Users\Juan David\.gradle\caches\modules-2\files-2.1\com.fasterxml.jackson.datatype\jackson-datatype-jsr310\2.9.4\12d52679a6615c7972ea25bd8ebb60b191fe79b7\jackson-datatype-jsr310-2.9.4.jar;C:\Users\Juan David\.gradle\caches\modules-2\files-2.1\com.fasterxml.jackson.module\jackson-module-parameter-names\2.9.4\5833c819877c3e85bad847f4d2fa4e70379217c6\jackson-module-parameter-names-2.9.4.jar;C:\Users\Juan David\.gradle\caches\modules-2\files-2.1\com.fasterxml.jackson.core\jackson-databind\2.9.4\498bbc3b94f566982c7f7c6d4d303fce365529be\jackson-databind-2.9.4.jar;C:\Users\Juan David\.gradle\caches\modules-2\files-2.1\org.springframework.boot\spring-boot-test-autoconfigure\2.0.0.BUILD-SNAPSHOT\41860d7b5ed1358fe3f3efd4aa5ab4bd490816b9\spring-boot-test-autoconfigure-2.0.0.BUILD-SNAPSHOT.jar;C:\Users\Juan David\.gradle\caches\modules-2\files-2.1\org.springframework.boot\spring-boot-test\2.0.0.BUILD-SNAPSHOT\e7c89158f1f5c6e5bbc7e8bb70b766902d6e2261\spring-boot-test-2.0.0.BUILD-SNAPSHOT.jar;C:\Users\Juan David\.gradle\caches\modules-2\files-2.1\com.jayway.jsonpath\json-path\2.4.0\765a4401ceb2dc8d40553c2075eb80a8fa35c2ae\json-path-2.4.0.jar;C:\Users\Juan David\.gradle\caches\modules-2\files-2.1\junit\junit\4.12\2973d150c0dc1fefe998f834810d68f278ea58ec\junit-4.12.jar;C:\Users\Juan David\.gradle\caches\modules-2\files-2.1\org.assertj\assertj-core\3.9.1\c5ce126b15f28d56cd8f960c1a6a058b9c9aea87\assertj-core-3.9.1.jar;C:\Users\Juan David\.gradle\caches\modules-2\files-2.1\org.mockito\mockito-core\2.15.0\b84bfbbc29cd22c9529409627af6ea2897f4fa85\mockito-core-2.15.0.jar;C:\Users\Juan David\.gradle\caches\modules-2\files-2.1\org.hamcrest\hamcrest-library\1.3\4785a3c21320980282f9f33d0d1264a69040538f\hamcrest-library-1.3.jar;C:\Users\Juan David\.gradle\caches\modules-2\files-2.1\org.hamcrest\hamcrest-core\1.3\42a25dc3219429f0e5d060061f71acb49bf010a0\hamcrest-core-1.3.jar;C:\Users\Juan David\.gradle\caches\modules-2\files-2.1\org.skyscreamer\jsonassert\1.5.0\6c9d5fe2f59da598d9aefc1cfc6528ff3cf32df3\jsonassert-1.5.0.jar;C:\Users\Juan David\.gradle\caches\modules-2\files-2.1\org.springframework\spring-test\5.0.4.RELEASE\3fc10b6535a113593fa8780951465012a7677e21\spring-test-5.0.4.RELEASE.jar;C:\Users\Juan David\.gradle\caches\modules-2\files-2.1\org.springframework.boot\spring-boot-autoconfigure\2.0.0.BUILD-SNAPSHOT\245af3dd2605e7e8045aceb95d06fde1697d4392\spring-boot-autoconfigure-2.0.0.BUILD-SNAPSHOT.jar;C:\Users\Juan David\.gradle\caches\modules-2\files-2.1\org.springframework.boot\spring-boot\2.0.0.BUILD-SNAPSHOT\6616fb013b61b1643559e939946db2d72ebdf749\spring-boot-2.0.0.BUILD-SNAPSHOT.jar;C:\Users\Juan David\.gradle\caches\modules-2\files-2.1\org.springframework\spring-context\5.0.4.RELEASE\3e76d08c851113077642c5704f0f94d5ce58e905\spring-context-5.0.4.RELEASE.jar;C:\Users\Juan David\.gradle\caches\modules-2\files-2.1\org.springframework\spring-expression\5.0.4.RELEASE\4bda161f2e34c1486f2527a23eb47293567f473c\spring-expression-5.0.4.RELEASE.jar;C:\Users\Juan David\.gradle\caches\modules-2\files-2.1\org.springframework\spring-aop\5.0.4.RELEASE\f8e029e54c0267dadb6b9f713f3feb54ec4f3a0e\spring-aop-5.0.4.RELEASE.jar;C:\Users\Juan David\.gradle\caches\modules-2\files-2.1\org.springframework\spring-beans\5.0.4.RELEASE\7a8c3d48d4c33621e64d1399721d8e067450fcbd\spring-beans-5.0.4.RELEASE.jar;C:\Users\Juan David\.gradle\caches\modules-2\files-2.1\org.springframework\spring-core\5.0.4.RELEASE\2221a957b5561a34f044350ba4e30ef5870254a3\spring-core-5.0.4.RELEASE.jar;C:\Users\Juan David\.gradle\caches\modules-2\files-2.1\org.xmlunit\xmlunit-core\2.5.1\4ffdb346572a7356f7521cd3119ce5287d2e339d\xmlunit-core-2.5.1.jar;C:\Users\Juan David\.gradle\caches\modules-2\files-2.1\org.springframework.boot\spring-boot-starter-logging\2.0.0.BUILD-SNAPSHOT\d82d723e090cba4ea2e847b8dccd09c27d37eb69\spring-boot-starter-logging-2.0.0.BUILD-SNAPSHOT.jar;C:\Users\Juan David\.gradle\caches\modules-2\files-2.1\javax.annotation\javax.annotation-api\1.3.2\934c04d3cfef185a8008e7bf34331b79730a9d43\javax.annotation-api-1.3.2.jar;C:\Users\Juan David\.gradle\caches\modules-2\files-2.1\org.yaml\snakeyaml\1.19\2d998d3d674b172a588e54ab619854d073f555b5\snakeyaml-1.19.jar;C:\Users\Juan David\.gradle\caches\modules-2\files-2.1\org.apache.tomcat.embed\tomcat-embed-websocket\8.5.28\8a5a48740dd80cad644ceb541e77fd8e0809e3b7\tomcat-embed-websocket-8.5.28.jar;C:\Users\Juan David\.gradle\caches\modules-2\files-2.1\org.apache.tomcat.embed\tomcat-embed-core\8.5.28\b684c98cf77c6528079c4e59fc1feeb218bf82f1\tomcat-embed-core-8.5.28.jar;C:\Users\Juan David\.gradle\caches\modules-2\files-2.1\org.apache.tomcat.embed\tomcat-embed-el\8.5.28\75745598f60646ccf0c4b105468a9c8be9b8432e\tomcat-embed-el-8.5.28.jar;C:\Users\Juan David\.gradle\caches\modules-2\files-2.1\javax.validation\validation-api\2.0.1.Final\cb855558e6271b1b32e716d24cb85c7f583ce09e\validation-api-2.0.1.Final.jar;C:\Users\Juan David\.gradle\caches\modules-2\files-2.1\org.jboss.logging\jboss-logging\3.3.2.Final\3789d00e859632e6c6206adc0c71625559e6e3b0\jboss-logging-3.3.2.Final.jar;C:\Users\Juan David\.gradle\caches\modules-2\files-2.1\com.fasterxml\classmate\1.3.4\3d5f48f10bbe4eb7bd862f10c0583be2e0053c6\classmate-1.3.4.jar;C:\Users\Juan David\.gradle\caches\modules-2\files-2.1\com.fasterxml.jackson.core\jackson-annotations\2.9.0\7c10d545325e3a6e72e06381afe469fd40eb701\jackson-annotations-2.9.0.jar;C:\Users\Juan David\.gradle\caches\modules-2\files-2.1\com.fasterxml.jackson.core\jackson-core\2.9.4\a9a71ec1aa37da47db168fede9a4a5fb5e374320\jackson-core-2.9.4.jar;C:\Users\Juan David\.gradle\caches\modules-2\files-2.1\net.minidev\json-smart\2.3\7396407491352ce4fa30de92efb158adb76b5b\json-smart-2.3.jar;C:\Users\Juan David\.gradle\caches\modules-2\files-2.1\ch.qos.logback\logback-classic\1.2.3\7c4f3c474fb2c041d8028740440937705ebb473a\logback-classic-1.2.3.jar;C:\Users\Juan David\.gradle\caches\modules-2\files-2.1\org.apache.logging.log4j\log4j-to-slf4j\2.10.0\f7e631ccf49cfc0aefa4a2a728da7d374c05bd3c\log4j-to-slf4j-2.10.0.jar;C:\Users\Juan David\.gradle\caches\modules-2\files-2.1\org.slf4j\jul-to-slf4j\1.7.25\af5364cd6679bfffb114f0dec8a157aaa283b76\jul-to-slf4j-1.7.25.jar;C:\Users\Juan David\.gradle\caches\modules-2\files-2.1\org.slf4j\slf4j-api\1.7.25\da76ca59f6a57ee3102f8f9bd9cee742973efa8a\slf4j-api-1.7.25.jar;C:\Users\Juan David\.gradle\caches\modules-2\files-2.1\net.bytebuddy\byte-buddy\1.7.10\3c8ec287c0a5bd04b1e3f11723bc46a50346602b\byte-buddy-1.7.10.jar;C:\Users\Juan David\.gradle\caches\modules-2\files-2.1\net.bytebuddy\byte-buddy-agent\1.7.10\9b092a8fb9112b89f6cb23fc929cfb931b14007b\byte-buddy-agent-1.7.10.jar;C:\Users\Juan David\.gradle\caches\modules-2\files-2.1\org.objenesis\objenesis\2.6\639033469776fd37c08358c6b92a4761feb2af4b\objenesis-2.6.jar;C:\Users\Juan David\.gradle\caches\modules-2\files-2.1\com.vaadin.external.google\android-json\0.0.20131108.vaadin1\fa26d351fe62a6a17f5cda1287c1c6110dec413f\android-json-0.0.20131108.vaadin1.jar;C:\Users\Juan David\.gradle\caches\modules-2\files-2.1\org.springframework\spring-jcl\5.0.4.RELEASE\3053e2bad0a18571bdbb9596ce51f9d458f5934f\spring-jcl-5.0.4.RELEASE.jar;C:\Users\Juan David\.gradle\caches\modules-2\files-2.1\net.minidev\accessors-smart\1.2\c592b500269bfde36096641b01238a8350f8aa31\accessors-smart-1.2.jar;C:\Users\Juan David\.gradle\caches\modules-2\files-2.1\ch.qos.logback\logback-core\1.2.3\864344400c3d4d92dfeb0a305dc87d953677c03c\logback-core-1.2.3.jar;C:\Users\Juan David\.gradle\caches\modules-2\files-2.1\org.apache.logging.log4j\log4j-api\2.10.0\fec5797a55b786184a537abd39c3fa1449d752d6\log4j-api-2.10.0.jar;C:\Users\Juan David\.gradle\caches\modules-2\files-2.1\org.ow2.asm\asm\5.0.4\da08b8cce7bbf903602a25a3a163ae252435795\asm-5.0.4.jar, user.name=Juan David, java.vm.specification.version=1.8, sun.java.command=worker.org.gradle.process.internal.worker.GradleWorkerMain 'Gradle Test Executor 1', java.home=C:\Program Files\Java\jdk1.8.0_144\jre, sun.arch.data.model=64, user.language=es, java.specification.vendor=Oracle Corporation, awt.toolkit=sun.awt.windows.WToolkit, java.vm.info=mixed mode, java.version=1.8.0_144, java.ext.dirs=C:\Program Files\Java\jdk1.8.0_144\jre\lib\ext;C:\WINDOWS\Sun\Java\lib\ext, sun.boot.class.path=C:\Program Files\Java\jdk1.8.0_144\jre\lib\resources.jar;C:\Program Files\Java\jdk1.8.0_144\jre\lib\rt.jar;C:\Program Files\Java\jdk1.8.0_144\jre\lib\sunrsasign.jar;C:\Program Files\Java\jdk1.8.0_144\jre\lib\jsse.jar;C:\Program Files\Java\jdk1.8.0_144\jre\lib\jce.jar;C:\Program Files\Java\jdk1.8.0_144\jre\lib\charsets.jar;C:\Program Files\Java\jdk1.8.0_144\jre\lib\jfr.jar;C:\Program Files\Java\jdk1.8.0_144\jre\classes, java.vendor=Oracle Corporation, org.gradle.test.worker=1, file.separator=\, java.vendor.url.bug=http://bugreport.sun.com/bugreport/, sun.io.unicode.encoding=UnicodeLittle, sun.cpu.endian=little, sun.desktop=windows, sun.cpu.isalist=amd64}}, SystemEnvironmentPropertySource@1576926421 {name='systemEnvironment', properties={USERDOMAIN_ROAMINGPROFILE=Juancho, PROCESSOR_LEVEL=6, FP_NO_HOST_CHECK=NO, SESSIONNAME=Console, ALLUSERSPROFILE=C:\ProgramData, PROCESSOR_ARCHITECTURE=AMD64, PSModulePath=C:\WINDOWS\system32\WindowsPowerShell\v1.0\Modules\, SystemDrive=C:, =ExitCode=00000000, TVT=C:\Program Files (x86)\Lenovo, DIRNAME=C:\Users\Juan David\Documents\GitHub\spring-boot-secure-api-react\, USERNAME=Juan David, CMD_LINE_ARGS=build, ProgramFiles(x86)=C:\Program Files (x86), APP_HOME=C:\Users\Juan David\Documents\GitHub\spring-boot-secure-api-react\, PATHEXT=.COM;.EXE;.BAT;.CMD;.VBS;.VBE;.JS;.JSE;.WSF;.WSH;.MSC, DriverData=C:\Windows\System32\Drivers\DriverData, ProgramData=C:\ProgramData, ProgramW6432=C:\Program Files, COCOS_CONSOLE_ROOT=C:\Users\Juan David\Documents\GitHub\cocos2d-x\tools\cocos2d-console\bin, HOMEPATH=\Users\Juan David, PROCESSOR_IDENTIFIER=Intel64 Family 6 Model 69 Stepping 1, GenuineIntel, M2_HOME=C:\Users\Juan David\Documents\apache-maven-3.5.0, ProgramFiles=C:\Program Files, PUBLIC=C:\Users\Public, windir=C:\WINDOWS, _SKIP=2, LOCALAPPDATA=C:\Users\Juan David\AppData\Local, USERDOMAIN=Juancho, LOGONSERVER=\\JUANCHO, COCOS_X_ROOT=C:\Users\Juan David\Documents\GitHub, JAVA_HOME=C:\Program Files\Java\jdk1.8.0_144, PROMPT=$P$G, COCOS_TEMPLATES_ROOT=C:\Users\Juan David\Documents\GitHub\cocos2d-x\templates, OneDrive=C:\Users\Juan David\OneDrive, =C:=C:\Users\Juan David\Documents\GitHub\spring-boot-secure-api-react, APPDATA=C:\Users\Juan David\AppData\Roaming, GTK_BASEPATH=C:\Program Files (x86)\GtkSharp\2.12\, JAVA_EXE=C:\Program Files\Java\jdk1.8.0_144/bin/java.exe, CommonProgramFiles=C:\Program Files\Common Files, Path=C:\Python27\;C:\Python27\Scripts;C:\ProgramData\Oracle\Java\javapath;C:\WINDOWS\system32;C:\WINDOWS;C:\WINDOWS\System32\Wbem;C:\WINDOWS\System32\WindowsPowerShell\v1.0\;C:\Program Files\Git\cmd;C:\Program Files\PuTTY\;C:\Program Files (x86)\GtkSharp\2.12\bin;C:\WINDOWS\System32\OpenSSH\;C:\Program Files\nodejs\;C:\Users\Juan David\Documents\GitHub\cocos2d-x\templates;C:\Users\Juan David\Documents\GitHub\cocos2d-x\tools\cocos2d-console\bin;C:\Users\Juan David\AppData\Local\Programs\Python\Python36\Scripts\;C:\Users\Juan David\AppData\Local\Programs\Python\Python36\;C:\Users\Juan David\AppData\Local\Microsoft\WindowsApps;C:\MinGW\bin;C:\Users\Juan David\Documents\apache-maven-3.5.0\bin;C:\Program Files\Heroku\bin;;C:\Users\Juan David\AppData\Local\Programs\Microsoft VS Code\bin;C:\Users\Juan David\AppData\Roaming\npm, OS=Windows_NT, COMPUTERNAME=JUANCHO, PROCESSOR_REVISION=4501, CLASSPATH=C:\Users\Juan David\Documents\GitHub\spring-boot-secure-api-react\\gradle\wrapper\gradle-wrapper.jar, CommonProgramW6432=C:\Program Files\Common Files, ComSpec=C:\WINDOWS\system32\cmd.exe, APP_BASE_NAME=gradlew, SystemRoot=C:\WINDOWS, TEMP=C:\Users\JUANDA~1\AppData\Local\Temp, HOMEDRIVE=C:, USERPROFILE=C:\Users\Juan David, TMP=C:\Users\JUANDA~1\AppData\Local\Temp, CommonProgramFiles(x86)=C:\Program Files (x86)\Common Files, NUMBER_OF_PROCESSORS=4}}]
18:38:34.965 [Test worker] DEBUG org.springframework.core.io.support.PathMatchingResourcePatternResolver - Resolved classpath location [com/eci/cosw/springbootsecureapi/] to resources [URL [file:/C:/Users/Juan%20David/Documents/GitHub/spring-boot-secure-api-react/build/classes/java/test/com/eci/cosw/springbootsecureapi/], URL [file:/C:/Users/Juan%20David/Documents/GitHub/spring-boot-secure-api-react/build/classes/java/main/com/eci/cosw/springbootsecureapi/]]
18:38:34.965 [Test worker] DEBUG org.springframework.core.io.support.PathMatchingResourcePatternResolver - Looking for matching resources in directory tree [C:\Users\Juan David\Documents\GitHub\spring-boot-secure-api-react\build\classes\java\test\com\eci\cosw\springbootsecureapi]
18:38:34.966 [Test worker] DEBUG org.springframework.core.io.support.PathMatchingResourcePatternResolver - Searching directory [C:\Users\Juan David\Documents\GitHub\spring-boot-secure-api-react\build\classes\java\test\com\eci\cosw\springbootsecureapi] for files matching pattern [C:/Users/Juan David/Documents/GitHub/spring-boot-secure-api-react/build/classes/java/test/com/eci/cosw/springbootsecureapi/*.class]
18:38:34.970 [Test worker] DEBUG org.springframework.core.io.support.PathMatchingResourcePatternResolver - Looking for matching resources in directory tree [C:\Users\Juan David\Documents\GitHub\spring-boot-secure-api-react\build\classes\java\main\com\eci\cosw\springbootsecureapi]
18:38:34.970 [Test worker] DEBUG org.springframework.core.io.support.PathMatchingResourcePatternResolver - Searching directory [C:\Users\Juan David\Documents\GitHub\spring-boot-secure-api-react\build\classes\java\main\com\eci\cosw\springbootsecureapi] for files matching pattern [C:/Users/Juan David/Documents/GitHub/spring-boot-secure-api-react/build/classes/java/main/com/eci/cosw/springbootsecureapi/*.class]
18:38:34.972 [Test worker] DEBUG org.springframework.core.io.support.PathMatchingResourcePatternResolver - Resolved location pattern [classpath*:com/eci/cosw/springbootsecureapi/*.class] to resources [file [C:\Users\Juan David\Documents\GitHub\spring-boot-secure-api-react\build\classes\java\test\com\eci\cosw\springbootsecureapi\SpringBootSecureApiApplicationTests.class], file [C:\Users\Juan David\Documents\GitHub\spring-boot-secure-api-react\build\classes\java\main\com\eci\cosw\springbootsecureapi\SpringBootSecureApiApplication.class]]
18:38:35.005 [Test worker] DEBUG org.springframework.context.annotation.ClassPathScanningCandidateComponentProvider - Identified candidate component class: file [C:\Users\Juan David\Documents\GitHub\spring-boot-secure-api-react\build\classes\java\main\com\eci\cosw\springbootsecureapi\SpringBootSecureApiApplication.class]
18:38:35.021 [Test worker] INFO org.springframework.boot.test.context.SpringBootTestContextBootstrapper - Found @SpringBootConfiguration com.eci.cosw.springbootsecureapi.SpringBootSecureApiApplication for test class com.eci.cosw.springbootsecureapi.SpringBootSecureApiApplicationTests
18:38:35.192 [Test worker] DEBUG org.springframework.boot.test.context.SpringBootTestContextBootstrapper - @TestExecutionListeners is not present for class [com.eci.cosw.springbootsecureapi.SpringBootSecureApiApplicationTests]: using defaults.
18:38:35.192 [Test worker] INFO org.springframework.boot.test.context.SpringBootTestContextBootstrapper - Loaded default TestExecutionListener class names from location [META-INF/spring.factories]: [org.springframework.boot.test.autoconfigure.restdocs.RestDocsTestExecutionListener, org.springframework.boot.test.autoconfigure.web.client.MockRestServiceServerResetTestExecutionListener, org.springframework.boot.test.autoconfigure.web.servlet.MockMvcPrintOnlyOnFailureTestExecutionListener, org.springframework.boot.test.autoconfigure.web.servlet.WebDriverTestExecutionListener, org.springframework.boot.test.mock.mockito.MockitoTestExecutionListener, org.springframework.boot.test.mock.mockito.ResetMocksTestExecutionListener, org.springframework.test.context.web.ServletTestExecutionListener, org.springframework.test.context.support.DirtiesContextBeforeModesTestExecutionListener, org.springframework.test.context.support.DependencyInjectionTestExecutionListener, org.springframework.test.context.support.DirtiesContextTestExecutionListener, org.springframework.test.context.transaction.TransactionalTestExecutionListener, org.springframework.test.context.jdbc.SqlScriptsTestExecutionListener]
18:38:35.208 [Test worker] DEBUG org.springframework.boot.test.context.SpringBootTestContextBootstrapper - Skipping candidate TestExecutionListener [org.springframework.test.context.transaction.TransactionalTestExecutionListener] due to a missing dependency. Specify custom listener classes or make the default listener classes and their required dependencies available. Offending class: [org/springframework/transaction/interceptor/TransactionAttributeSource]
18:38:35.208 [Test worker] DEBUG org.springframework.boot.test.context.SpringBootTestContextBootstrapper - Skipping candidate TestExecutionListener [org.springframework.test.context.jdbc.SqlScriptsTestExecutionListener] due to a missing dependency. Specify custom listener classes or make the default listener classes and their required dependencies available. Offending class: [org/springframework/transaction/interceptor/TransactionAttribute]
18:38:35.208 [Test worker] INFO org.springframework.boot.test.context.SpringBootTestContextBootstrapper - Using TestExecutionListeners: [org.springframework.test.context.web.ServletTestExecutionListener@318f542b, org.springframework.test.context.support.DirtiesContextBeforeModesTestExecutionListener@13f7c3a5, org.springframework.boot.test.mock.mockito.MockitoTestExecutionListener@4e586755, org.springframework.boot.test.autoconfigure.SpringBootDependencyInjectionTestExecutionListener@871171d, org.springframework.test.context.support.DirtiesContextTestExecutionListener@43942434, org.springframework.boot.test.autoconfigure.restdocs.RestDocsTestExecutionListener@6e532d08, org.springframework.boot.test.autoconfigure.web.client.MockRestServiceServerResetTestExecutionListener@63bc8d58, org.springframework.boot.test.autoconfigure.web.servlet.MockMvcPrintOnlyOnFailureTestExecutionListener@6375a7cd, org.springframework.boot.test.autoconfigure.web.servlet.WebDriverTestExecutionListener@1228a13, org.springframework.boot.test.mock.mockito.ResetMocksTestExecutionListener@76eedc52]
18:38:35.208 [Test worker] DEBUG org.springframework.test.annotation.ProfileValueUtils - Retrieved @ProfileValueSourceConfiguration [null] for test class [com.eci.cosw.springbootsecureapi.SpringBootSecureApiApplicationTests]
18:38:35.208 [Test worker] DEBUG org.springframework.test.annotation.ProfileValueUtils - Retrieved ProfileValueSource type [class org.springframework.test.annotation.SystemProfileValueSource] for class [com.eci.cosw.springbootsecureapi.SpringBootSecureApiApplicationTests]
18:38:35.224 [Test worker] DEBUG org.springframework.test.annotation.ProfileValueUtils - Retrieved @ProfileValueSourceConfiguration [null] for test class [com.eci.cosw.springbootsecureapi.SpringBootSecureApiApplicationTests]
18:38:35.224 [Test worker] DEBUG org.springframework.test.annotation.ProfileValueUtils - Retrieved ProfileValueSource type [class org.springframework.test.annotation.SystemProfileValueSource] for class [com.eci.cosw.springbootsecureapi.SpringBootSecureApiApplicationTests]
18:38:35.224 [Test worker] DEBUG org.springframework.test.context.support.AbstractDirtiesContextTestExecutionListener - Before test class: context [DefaultTestContext@7a86024c testClass = SpringBootSecureApiApplicationTests, testInstance = [null], testMethod = [null], testException = [null], mergedContextConfiguration = [WebMergedContextConfiguration@4fce271e testClass = SpringBootSecureApiApplicationTests, locations = '{}', classes = '{class com.eci.cosw.springbootsecureapi.SpringBootSecureApiApplication}', contextInitializerClasses = '[]', activeProfiles = '{}', propertySourceLocations = '{}', propertySourceProperties = '{org.springframework.boot.test.context.SpringBootTestContextBootstrapper=true}', contextCustomizers = set[org.springframework.boot.test.autoconfigure.properties.PropertyMappingContextCustomizer@0, org.springframework.boot.test.autoconfigure.web.servlet.WebDriverContextCustomizerFactory$Customizer@62a7dab9, org.springframework.boot.test.context.filter.ExcludeFilterContextCustomizer@31d3a1c6, org.springframework.boot.test.json.DuplicateJsonObjectContextCustomizerFactory$DuplicateJsonObjectContextCustomizer@1e638209, org.springframework.boot.test.mock.mockito.MockitoContextCustomizer@0, org.springframework.boot.test.web.client.TestRestTemplateContextCustomizer@5f8795c8], resourceBasePath = 'src/main/webapp', contextLoader = 'org.springframework.boot.test.context.SpringBootContextLoader', parent = [null]], attributes = map['org.springframework.test.context.web.ServletTestExecutionListener.activateListener' -> true]], class annotated with @DirtiesContext [false] with mode [null].
18:38:35.224 [Test worker] DEBUG org.springframework.test.annotation.ProfileValueUtils - Retrieved @ProfileValueSourceConfiguration [null] for test class [com.eci.cosw.springbootsecureapi.SpringBootSecureApiApplicationTests]
18:38:35.224 [Test worker] DEBUG org.springframework.test.annotation.ProfileValueUtils - Retrieved ProfileValueSource type [class org.springframework.test.annotation.SystemProfileValueSource] for class [com.eci.cosw.springbootsecureapi.SpringBootSecureApiApplicationTests]
18:38:35.239 [Test worker] DEBUG org.springframework.core.env.StandardEnvironment - Adding PropertySource 'systemProperties' with lowest search precedence
18:38:35.239 [Test worker] DEBUG org.springframework.core.env.StandardEnvironment - Adding PropertySource 'systemEnvironment' with lowest search precedence
18:38:35.239 [Test worker] DEBUG org.springframework.core.env.StandardEnvironment - Initialized StandardEnvironment with PropertySources [MapPropertySource@78679828 {name='systemProperties', properties={java.runtime.name=Java(TM) SE Runtime Environment, sun.boot.library.path=C:\Program Files\Java\jdk1.8.0_144\jre\bin, java.vm.version=25.144-b01, java.vm.vendor=Oracle Corporation, java.vendor.url=http://java.oracle.com/, path.separator=;, java.vm.name=Java HotSpot(TM) 64-Bit Server VM, file.encoding.pkg=sun.io, user.script=, sun.java.launcher=SUN_STANDARD, user.country=CO, sun.os.patch.level=, java.vm.specification.name=Java Virtual Machine Specification, user.dir=C:\Users\Juan David\Documents\GitHub\spring-boot-secure-api-react, java.runtime.version=1.8.0_144-b01, java.awt.graphicsenv=sun.awt.Win32GraphicsEnvironment, java.endorsed.dirs=C:\Program Files\Java\jdk1.8.0_144\jre\lib\endorsed, os.arch=amd64, java.io.tmpdir=C:\Users\JUANDA~1\AppData\Local\Temp\, line.separator=
, java.vm.specification.vendor=Oracle Corporation, user.variant=, os.name=Windows 10, sun.jnu.encoding=Cp1252, java.library.path=C:\Program Files\Java\jdk1.8.0_144\bin;C:\WINDOWS\Sun\Java\bin;C:\WINDOWS\system32;C:\WINDOWS;C:\Python27\;C:\Python27\Scripts;C:\ProgramData\Oracle\Java\javapath;C:\WINDOWS\system32;C:\WINDOWS;C:\WINDOWS\System32\Wbem;C:\WINDOWS\System32\WindowsPowerShell\v1.0\;C:\Program Files\Git\cmd;C:\Program Files\PuTTY\;C:\Program Files (x86)\GtkSharp\2.12\bin;C:\WINDOWS\System32\OpenSSH\;C:\Program Files\nodejs\;C:\Users\Juan David\Documents\GitHub\cocos2d-x\templates;C:\Users\Juan David\Documents\GitHub\cocos2d-x\tools\cocos2d-console\bin;C:\Users\Juan David\AppData\Local\Programs\Python\Python36\Scripts\;C:\Users\Juan David\AppData\Local\Programs\Python\Python36\;C:\Users\Juan David\AppData\Local\Microsoft\WindowsApps;C:\MinGW\bin;C:\Users\Juan David\Documents\apache-maven-3.5.0\bin;C:\Program Files\Heroku\bin;;C:\Users\Juan David\AppData\Local\Programs\Microsoft VS Code\bin;C:\Users\Juan David\AppData\Roaming\npm;., java.specification.name=Java Platform API Specification, java.class.version=52.0, org.gradle.native=false, sun.management.compiler=HotSpot 64-Bit Tiered Compilers, os.version=10.0, user.home=C:\Users\Juan David, user.timezone=America/Bogota, java.awt.printerjob=sun.awt.windows.WPrinterJob, file.encoding=windows-1252, java.specification.version=1.8, java.class.path=C:\Users\Juan David\Documents\GitHub\spring-boot-secure-api-react\build\classes\java\test;C:\Users\Juan David\Documents\GitHub\spring-boot-secure-api-react\build\resources\test;C:\Users\Juan David\Documents\GitHub\spring-boot-secure-api-react\build\classes\java\main;C:\Users\Juan David\Documents\GitHub\spring-boot-secure-api-react\build\resources\main;C:\Users\Juan David\.gradle\caches\modules-2\files-2.1\org.springframework.boot\spring-boot-starter-web\2.0.0.BUILD-SNAPSHOT\336fc9b2d5e1e1ff91fda31f6ae9783ff7e993c2\spring-boot-starter-web-2.0.0.BUILD-SNAPSHOT.jar;C:\Users\Juan David\.gradle\caches\modules-2\files-2.1\io.jsonwebtoken\jjwt\0.6.0\3c8a7897b9ca31c83d3dd364be7f75ce5cd417d7\jjwt-0.6.0.jar;C:\Users\Juan David\.gradle\caches\modules-2\files-2.1\org.springframework.boot\spring-boot-starter-test\2.0.0.BUILD-SNAPSHOT\bb98b62bbe6306a59f57ad2fd6ab29219ff60803\spring-boot-starter-test-2.0.0.BUILD-SNAPSHOT.jar;C:\Users\Juan David\.gradle\caches\modules-2\files-2.1\org.springframework.boot\spring-boot-starter-json\2.0.0.BUILD-SNAPSHOT\5d6e4b1c929bed27c30e2583dcc4b4c75f80e285\spring-boot-starter-json-2.0.0.BUILD-SNAPSHOT.jar;C:\Users\Juan David\.gradle\caches\modules-2\files-2.1\org.springframework.boot\spring-boot-starter\2.0.0.BUILD-SNAPSHOT\6ebe785dfd37c7213bf23d8223d50258e75051e2\spring-boot-starter-2.0.0.BUILD-SNAPSHOT.jar;C:\Users\Juan David\.gradle\caches\modules-2\files-2.1\org.springframework.boot\spring-boot-starter-tomcat\2.0.0.BUILD-SNAPSHOT\72902c5544e3332ea31de2b9a430a0b48694e758\spring-boot-starter-tomcat-2.0.0.BUILD-SNAPSHOT.jar;C:\Users\Juan David\.gradle\caches\modules-2\files-2.1\org.hibernate.validator\hibernate-validator\6.0.7.Final\8b9d9c7ec8c73963ea0fe81912fc67711a4ef76\hibernate-validator-6.0.7.Final.jar;C:\Users\Juan David\.gradle\caches\modules-2\files-2.1\org.springframework\spring-webmvc\5.0.4.RELEASE\addcf1caa22613c474bd6dde8c7134fef940b1f0\spring-webmvc-5.0.4.RELEASE.jar;C:\Users\Juan David\.gradle\caches\modules-2\files-2.1\org.springframework\spring-web\5.0.4.RELEASE\9565bbc67bf1a850a6505deaa5103931712a7b80\spring-web-5.0.4.RELEASE.jar;C:\Users\Juan David\.gradle\caches\modules-2\files-2.1\com.fasterxml.jackson.datatype\jackson-datatype-jdk8\2.9.4\63ac052d52a70a15820d3dc07ea757826fd51d40\jackson-datatype-jdk8-2.9.4.jar;C:\Users\Juan David\.gradle\caches\modules-2\files-2.1\com.fasterxml.jackson.datatype\jackson-datatype-jsr310\2.9.4\12d52679a6615c7972ea25bd8ebb60b191fe79b7\jackson-datatype-jsr310-2.9.4.jar;C:\Users\Juan David\.gradle\caches\modules-2\files-2.1\com.fasterxml.jackson.module\jackson-module-parameter-names\2.9.4\5833c819877c3e85bad847f4d2fa4e70379217c6\jackson-module-parameter-names-2.9.4.jar;C:\Users\Juan David\.gradle\caches\modules-2\files-2.1\com.fasterxml.jackson.core\jackson-databind\2.9.4\498bbc3b94f566982c7f7c6d4d303fce365529be\jackson-databind-2.9.4.jar;C:\Users\Juan David\.gradle\caches\modules-2\files-2.1\org.springframework.boot\spring-boot-test-autoconfigure\2.0.0.BUILD-SNAPSHOT\41860d7b5ed1358fe3f3efd4aa5ab4bd490816b9\spring-boot-test-autoconfigure-2.0.0.BUILD-SNAPSHOT.jar;C:\Users\Juan David\.gradle\caches\modules-2\files-2.1\org.springframework.boot\spring-boot-test\2.0.0.BUILD-SNAPSHOT\e7c89158f1f5c6e5bbc7e8bb70b766902d6e2261\spring-boot-test-2.0.0.BUILD-SNAPSHOT.jar;C:\Users\Juan David\.gradle\caches\modules-2\files-2.1\com.jayway.jsonpath\json-path\2.4.0\765a4401ceb2dc8d40553c2075eb80a8fa35c2ae\json-path-2.4.0.jar;C:\Users\Juan David\.gradle\caches\modules-2\files-2.1\junit\junit\4.12\2973d150c0dc1fefe998f834810d68f278ea58ec\junit-4.12.jar;C:\Users\Juan David\.gradle\caches\modules-2\files-2.1\org.assertj\assertj-core\3.9.1\c5ce126b15f28d56cd8f960c1a6a058b9c9aea87\assertj-core-3.9.1.jar;C:\Users\Juan David\.gradle\caches\modules-2\files-2.1\org.mockito\mockito-core\2.15.0\b84bfbbc29cd22c9529409627af6ea2897f4fa85\mockito-core-2.15.0.jar;C:\Users\Juan David\.gradle\caches\modules-2\files-2.1\org.hamcrest\hamcrest-library\1.3\4785a3c21320980282f9f33d0d1264a69040538f\hamcrest-library-1.3.jar;C:\Users\Juan David\.gradle\caches\modules-2\files-2.1\org.hamcrest\hamcrest-core\1.3\42a25dc3219429f0e5d060061f71acb49bf010a0\hamcrest-core-1.3.jar;C:\Users\Juan David\.gradle\caches\modules-2\files-2.1\org.skyscreamer\jsonassert\1.5.0\6c9d5fe2f59da598d9aefc1cfc6528ff3cf32df3\jsonassert-1.5.0.jar;C:\Users\Juan David\.gradle\caches\modules-2\files-2.1\org.springframework\spring-test\5.0.4.RELEASE\3fc10b6535a113593fa8780951465012a7677e21\spring-test-5.0.4.RELEASE.jar;C:\Users\Juan David\.gradle\caches\modules-2\files-2.1\org.springframework.boot\spring-boot-autoconfigure\2.0.0.BUILD-SNAPSHOT\245af3dd2605e7e8045aceb95d06fde1697d4392\spring-boot-autoconfigure-2.0.0.BUILD-SNAPSHOT.jar;C:\Users\Juan David\.gradle\caches\modules-2\files-2.1\org.springframework.boot\spring-boot\2.0.0.BUILD-SNAPSHOT\6616fb013b61b1643559e939946db2d72ebdf749\spring-boot-2.0.0.BUILD-SNAPSHOT.jar;C:\Users\Juan David\.gradle\caches\modules-2\files-2.1\org.springframework\spring-context\5.0.4.RELEASE\3e76d08c851113077642c5704f0f94d5ce58e905\spring-context-5.0.4.RELEASE.jar;C:\Users\Juan David\.gradle\caches\modules-2\files-2.1\org.springframework\spring-expression\5.0.4.RELEASE\4bda161f2e34c1486f2527a23eb47293567f473c\spring-expression-5.0.4.RELEASE.jar;C:\Users\Juan David\.gradle\caches\modules-2\files-2.1\org.springframework\spring-aop\5.0.4.RELEASE\f8e029e54c0267dadb6b9f713f3feb54ec4f3a0e\spring-aop-5.0.4.RELEASE.jar;C:\Users\Juan David\.gradle\caches\modules-2\files-2.1\org.springframework\spring-beans\5.0.4.RELEASE\7a8c3d48d4c33621e64d1399721d8e067450fcbd\spring-beans-5.0.4.RELEASE.jar;C:\Users\Juan David\.gradle\caches\modules-2\files-2.1\org.springframework\spring-core\5.0.4.RELEASE\2221a957b5561a34f044350ba4e30ef5870254a3\spring-core-5.0.4.RELEASE.jar;C:\Users\Juan David\.gradle\caches\modules-2\files-2.1\org.xmlunit\xmlunit-core\2.5.1\4ffdb346572a7356f7521cd3119ce5287d2e339d\xmlunit-core-2.5.1.jar;C:\Users\Juan David\.gradle\caches\modules-2\files-2.1\org.springframework.boot\spring-boot-starter-logging\2.0.0.BUILD-SNAPSHOT\d82d723e090cba4ea2e847b8dccd09c27d37eb69\spring-boot-starter-logging-2.0.0.BUILD-SNAPSHOT.jar;C:\Users\Juan David\.gradle\caches\modules-2\files-2.1\javax.annotation\javax.annotation-api\1.3.2\934c04d3cfef185a8008e7bf34331b79730a9d43\javax.annotation-api-1.3.2.jar;C:\Users\Juan David\.gradle\caches\modules-2\files-2.1\org.yaml\snakeyaml\1.19\2d998d3d674b172a588e54ab619854d073f555b5\snakeyaml-1.19.jar;C:\Users\Juan David\.gradle\caches\modules-2\files-2.1\org.apache.tomcat.embed\tomcat-embed-websocket\8.5.28\8a5a48740dd80cad644ceb541e77fd8e0809e3b7\tomcat-embed-websocket-8.5.28.jar;C:\Users\Juan David\.gradle\caches\modules-2\files-2.1\org.apache.tomcat.embed\tomcat-embed-core\8.5.28\b684c98cf77c6528079c4e59fc1feeb218bf82f1\tomcat-embed-core-8.5.28.jar;C:\Users\Juan David\.gradle\caches\modules-2\files-2.1\org.apache.tomcat.embed\tomcat-embed-el\8.5.28\75745598f60646ccf0c4b105468a9c8be9b8432e\tomcat-embed-el-8.5.28.jar;C:\Users\Juan David\.gradle\caches\modules-2\files-2.1\javax.validation\validation-api\2.0.1.Final\cb855558e6271b1b32e716d24cb85c7f583ce09e\validation-api-2.0.1.Final.jar;C:\Users\Juan David\.gradle\caches\modules-2\files-2.1\org.jboss.logging\jboss-logging\3.3.2.Final\3789d00e859632e6c6206adc0c71625559e6e3b0\jboss-logging-3.3.2.Final.jar;C:\Users\Juan David\.gradle\caches\modules-2\files-2.1\com.fasterxml\classmate\1.3.4\3d5f48f10bbe4eb7bd862f10c0583be2e0053c6\classmate-1.3.4.jar;C:\Users\Juan David\.gradle\caches\modules-2\files-2.1\com.fasterxml.jackson.core\jackson-annotations\2.9.0\7c10d545325e3a6e72e06381afe469fd40eb701\jackson-annotations-2.9.0.jar;C:\Users\Juan David\.gradle\caches\modules-2\files-2.1\com.fasterxml.jackson.core\jackson-core\2.9.4\a9a71ec1aa37da47db168fede9a4a5fb5e374320\jackson-core-2.9.4.jar;C:\Users\Juan David\.gradle\caches\modules-2\files-2.1\net.minidev\json-smart\2.3\7396407491352ce4fa30de92efb158adb76b5b\json-smart-2.3.jar;C:\Users\Juan David\.gradle\caches\modules-2\files-2.1\ch.qos.logback\logback-classic\1.2.3\7c4f3c474fb2c041d8028740440937705ebb473a\logback-classic-1.2.3.jar;C:\Users\Juan David\.gradle\caches\modules-2\files-2.1\org.apache.logging.log4j\log4j-to-slf4j\2.10.0\f7e631ccf49cfc0aefa4a2a728da7d374c05bd3c\log4j-to-slf4j-2.10.0.jar;C:\Users\Juan David\.gradle\caches\modules-2\files-2.1\org.slf4j\jul-to-slf4j\1.7.25\af5364cd6679bfffb114f0dec8a157aaa283b76\jul-to-slf4j-1.7.25.jar;C:\Users\Juan David\.gradle\caches\modules-2\files-2.1\org.slf4j\slf4j-api\1.7.25\da76ca59f6a57ee3102f8f9bd9cee742973efa8a\slf4j-api-1.7.25.jar;C:\Users\Juan David\.gradle\caches\modules-2\files-2.1\net.bytebuddy\byte-buddy\1.7.10\3c8ec287c0a5bd04b1e3f11723bc46a50346602b\byte-buddy-1.7.10.jar;C:\Users\Juan David\.gradle\caches\modules-2\files-2.1\net.bytebuddy\byte-buddy-agent\1.7.10\9b092a8fb9112b89f6cb23fc929cfb931b14007b\byte-buddy-agent-1.7.10.jar;C:\Users\Juan David\.gradle\caches\modules-2\files-2.1\org.objenesis\objenesis\2.6\639033469776fd37c08358c6b92a4761feb2af4b\objenesis-2.6.jar;C:\Users\Juan David\.gradle\caches\modules-2\files-2.1\com.vaadin.external.google\android-json\0.0.20131108.vaadin1\fa26d351fe62a6a17f5cda1287c1c6110dec413f\android-json-0.0.20131108.vaadin1.jar;C:\Users\Juan David\.gradle\caches\modules-2\files-2.1\org.springframework\spring-jcl\5.0.4.RELEASE\3053e2bad0a18571bdbb9596ce51f9d458f5934f\spring-jcl-5.0.4.RELEASE.jar;C:\Users\Juan David\.gradle\caches\modules-2\files-2.1\net.minidev\accessors-smart\1.2\c592b500269bfde36096641b01238a8350f8aa31\accessors-smart-1.2.jar;C:\Users\Juan David\.gradle\caches\modules-2\files-2.1\ch.qos.logback\logback-core\1.2.3\864344400c3d4d92dfeb0a305dc87d953677c03c\logback-core-1.2.3.jar;C:\Users\Juan David\.gradle\caches\modules-2\files-2.1\org.apache.logging.log4j\log4j-api\2.10.0\fec5797a55b786184a537abd39c3fa1449d752d6\log4j-api-2.10.0.jar;C:\Users\Juan David\.gradle\caches\modules-2\files-2.1\org.ow2.asm\asm\5.0.4\da08b8cce7bbf903602a25a3a163ae252435795\asm-5.0.4.jar, user.name=Juan David, java.vm.specification.version=1.8, sun.java.command=worker.org.gradle.process.internal.worker.GradleWorkerMain 'Gradle Test Executor 1', java.home=C:\Program Files\Java\jdk1.8.0_144\jre, sun.arch.data.model=64, user.language=es, java.specification.vendor=Oracle Corporation, awt.toolkit=sun.awt.windows.WToolkit, java.vm.info=mixed mode, java.version=1.8.0_144, java.ext.dirs=C:\Program Files\Java\jdk1.8.0_144\jre\lib\ext;C:\WINDOWS\Sun\Java\lib\ext, sun.boot.class.path=C:\Program Files\Java\jdk1.8.0_144\jre\lib\resources.jar;C:\Program Files\Java\jdk1.8.0_144\jre\lib\rt.jar;C:\Program Files\Java\jdk1.8.0_144\jre\lib\sunrsasign.jar;C:\Program Files\Java\jdk1.8.0_144\jre\lib\jsse.jar;C:\Program Files\Java\jdk1.8.0_144\jre\lib\jce.jar;C:\Program Files\Java\jdk1.8.0_144\jre\lib\charsets.jar;C:\Program Files\Java\jdk1.8.0_144\jre\lib\jfr.jar;C:\Program Files\Java\jdk1.8.0_144\jre\classes, java.vendor=Oracle Corporation, org.gradle.test.worker=1, file.separator=\, java.vendor.url.bug=http://bugreport.sun.com/bugreport/, sun.io.unicode.encoding=UnicodeLittle, sun.cpu.endian=little, sun.desktop=windows, sun.cpu.isalist=amd64}}, SystemEnvironmentPropertySource@550105474 {name='systemEnvironment', properties={USERDOMAIN_ROAMINGPROFILE=Juancho, PROCESSOR_LEVEL=6, FP_NO_HOST_CHECK=NO, SESSIONNAME=Console, ALLUSERSPROFILE=C:\ProgramData, PROCESSOR_ARCHITECTURE=AMD64, PSModulePath=C:\WINDOWS\system32\WindowsPowerShell\v1.0\Modules\, SystemDrive=C:, =ExitCode=00000000, TVT=C:\Program Files (x86)\Lenovo, DIRNAME=C:\Users\Juan David\Documents\GitHub\spring-boot-secure-api-react\, USERNAME=Juan David, CMD_LINE_ARGS=build, ProgramFiles(x86)=C:\Program Files (x86), APP_HOME=C:\Users\Juan David\Documents\GitHub\spring-boot-secure-api-react\, PATHEXT=.COM;.EXE;.BAT;.CMD;.VBS;.VBE;.JS;.JSE;.WSF;.WSH;.MSC, DriverData=C:\Windows\System32\Drivers\DriverData, ProgramData=C:\ProgramData, ProgramW6432=C:\Program Files, COCOS_CONSOLE_ROOT=C:\Users\Juan David\Documents\GitHub\cocos2d-x\tools\cocos2d-console\bin, HOMEPATH=\Users\Juan David, PROCESSOR_IDENTIFIER=Intel64 Family 6 Model 69 Stepping 1, GenuineIntel, M2_HOME=C:\Users\Juan David\Documents\apache-maven-3.5.0, ProgramFiles=C:\Program Files, PUBLIC=C:\Users\Public, windir=C:\WINDOWS, _SKIP=2, LOCALAPPDATA=C:\Users\Juan David\AppData\Local, USERDOMAIN=Juancho, LOGONSERVER=\\JUANCHO, COCOS_X_ROOT=C:\Users\Juan David\Documents\GitHub, JAVA_HOME=C:\Program Files\Java\jdk1.8.0_144, PROMPT=$P$G, COCOS_TEMPLATES_ROOT=C:\Users\Juan David\Documents\GitHub\cocos2d-x\templates, OneDrive=C:\Users\Juan David\OneDrive, =C:=C:\Users\Juan David\Documents\GitHub\spring-boot-secure-api-react, APPDATA=C:\Users\Juan David\AppData\Roaming, GTK_BASEPATH=C:\Program Files (x86)\GtkSharp\2.12\, JAVA_EXE=C:\Program Files\Java\jdk1.8.0_144/bin/java.exe, CommonProgramFiles=C:\Program Files\Common Files, Path=C:\Python27\;C:\Python27\Scripts;C:\ProgramData\Oracle\Java\javapath;C:\WINDOWS\system32;C:\WINDOWS;C:\WINDOWS\System32\Wbem;C:\WINDOWS\System32\WindowsPowerShell\v1.0\;C:\Program Files\Git\cmd;C:\Program Files\PuTTY\;C:\Program Files (x86)\GtkSharp\2.12\bin;C:\WINDOWS\System32\OpenSSH\;C:\Program Files\nodejs\;C:\Users\Juan David\Documents\GitHub\cocos2d-x\templates;C:\Users\Juan David\Documents\GitHub\cocos2d-x\tools\cocos2d-console\bin;C:\Users\Juan David\AppData\Local\Programs\Python\Python36\Scripts\;C:\Users\Juan David\AppData\Local\Programs\Python\Python36\;C:\Users\Juan David\AppData\Local\Microsoft\WindowsApps;C:\MinGW\bin;C:\Users\Juan David\Documents\apache-maven-3.5.0\bin;C:\Program Files\Heroku\bin;;C:\Users\Juan David\AppData\Local\Programs\Microsoft VS Code\bin;C:\Users\Juan David\AppData\Roaming\npm, OS=Windows_NT, COMPUTERNAME=JUANCHO, PROCESSOR_REVISION=4501, CLASSPATH=C:\Users\Juan David\Documents\GitHub\spring-boot-secure-api-react\\gradle\wrapper\gradle-wrapper.jar, CommonProgramW6432=C:\Program Files\Common Files, ComSpec=C:\WINDOWS\system32\cmd.exe, APP_BASE_NAME=gradlew, SystemRoot=C:\WINDOWS, TEMP=C:\Users\JUANDA~1\AppData\Local\Temp, HOMEDRIVE=C:, USERPROFILE=C:\Users\Juan David, TMP=C:\Users\JUANDA~1\AppData\Local\Temp, CommonProgramFiles(x86)=C:\Program Files (x86)\Common Files, NUMBER_OF_PROCESSORS=4}}]
18:38:35.255 [Test worker] DEBUG org.springframework.test.context.support.TestPropertySourceUtils - Adding inlined properties to environment: {spring.jmx.enabled=false, org.springframework.boot.test.context.SpringBootTestContextBootstrapper=true, server.port=-1}
18:38:35.255 [Test worker] DEBUG org.springframework.core.env.StandardEnvironment - Adding PropertySource 'Inlined Test Properties' with highest search precedence

  .   ____          _            __ _ _
 /\\ / ___'_ __ _ _(_)_ __  __ _ \ \ \ \
( ( )\___ | '_ | '_| | '_ \/ _` | \ \ \ \
 \\/  ___)| |_)| | | | | || (_| |  ) ) ) )
  '  |____| .__|_| |_|_| |_\__, | / / / /
 =========|_|==============|___/=/_/_/_/
 :: Spring Boot ::  (v2.0.0.BUILD-SNAPSHOT)

2018-09-09 18:38:35.772  INFO 8772 --- [    Test worker] .c.s.SpringBootSecureApiApplicationTests : Starting SpringBootSecureApiApplicationTests on Juancho with PID 8772 (started by Juan David in C:\Users\Juan David\Documents\GitHub\spring-boot-secure-api-react)
2018-09-09 18:38:35.788  INFO 8772 --- [    Test worker] .c.s.SpringBootSecureApiApplicationTests : No active profile set, falling back to default profiles: default
2018-09-09 18:38:35.866  INFO 8772 --- [    Test worker] o.s.w.c.s.GenericWebApplicationContext   : Refreshing org.springframework.web.context.support.GenericWebApplicationContext@750f400d: startup date [Sun Sep 09 18:38:35 COT 2018]; root of context hierarchy
2018-09-09 18:38:38.234  INFO 8772 --- [    Test worker] s.w.s.m.m.a.RequestMappingHandlerAdapter : Looking for @ControllerAdvice: org.springframework.web.context.support.GenericWebApplicationContext@750f400d: startup date [Sun Sep 09 18:38:35 COT 2018]; root of context hierarchy
2018-09-09 18:38:38.359  INFO 8772 --- [    Test worker] s.w.s.m.m.a.RequestMappingHandlerMapping : Mapped "{[/api/todos],methods=[GET]}" onto public java.util.List<com.eci.cosw.springbootsecureapi.model.Todo> com.eci.cosw.springbootsecureapi.controller.TodoController.getTodoList()
2018-09-09 18:38:38.374  INFO 8772 --- [    Test worker] s.w.s.m.m.a.RequestMappingHandlerMapping : Mapped "{[/api/todos],methods=[POST]}" onto public void com.eci.cosw.springbootsecureapi.controller.TodoController.addTodo(com.eci.cosw.springbootsecureapi.model.Todo)
2018-09-09 18:38:38.374  INFO 8772 --- [    Test worker] s.w.s.m.m.a.RequestMappingHandlerMapping : Mapped "{[/user/login],methods=[POST]}" onto public com.eci.cosw.springbootsecureapi.controller.UserController$Token com.eci.cosw.springbootsecureapi.controller.UserController.login(com.eci.cosw.springbootsecureapi.model.User) throws javax.servlet.ServletException
2018-09-09 18:38:38.374  INFO 8772 --- [    Test worker] s.w.s.m.m.a.RequestMappingHandlerMapping : Mapped "{[/error]}" onto public org.springframework.http.ResponseEntity<java.util.Map<java.lang.String, java.lang.Object>> org.springframework.boot.autoconfigure.web.servlet.error.BasicErrorController.error(javax.servlet.http.HttpServletRequest)
2018-09-09 18:38:38.374  INFO 8772 --- [    Test worker] s.w.s.m.m.a.RequestMappingHandlerMapping : Mapped "{[/error],produces=[text/html]}" onto public org.springframework.web.servlet.ModelAndView org.springframework.boot.autoconfigure.web.servlet.error.BasicErrorController.errorHtml(javax.servlet.http.HttpServletRequest,javax.servlet.http.HttpServletResponse)
2018-09-09 18:38:38.421  INFO 8772 --- [    Test worker] o.s.w.s.handler.SimpleUrlHandlerMapping  : Mapped URL path [/webjars/**] onto handler of type [class org.springframework.web.servlet.resource.ResourceHttpRequestHandler]
2018-09-09 18:38:38.421  INFO 8772 --- [    Test worker] o.s.w.s.handler.SimpleUrlHandlerMapping  : Mapped URL path [/**] onto handler of type [class org.springframework.web.servlet.resource.ResourceHttpRequestHandler]
2018-09-09 18:38:38.484  INFO 8772 --- [    Test worker] o.s.w.s.handler.SimpleUrlHandlerMapping  : Mapped URL path [/**/favicon.ico] onto handler of type [class org.springframework.web.servlet.resource.ResourceHttpRequestHandler]
2018-09-09 18:38:38.781  INFO 8772 --- [    Test worker] .c.s.SpringBootSecureApiApplicationTests : Started SpringBootSecureApiApplicationTests in 3.48 seconds (JVM running for 5.392)
]]></system-out>
  <system-err><![CDATA[]]></system-err>
</testsuite>
